<?xml version="1.0" encoding="UTF-8"?>
<!-- Generated by org.testng.reporters.JUnitReportReporter -->
<testsuite skipped="0" hostname="Alenas-MacBook.local" name="core.PrimeNumberCheckerTest" tests="99" failures="0" timestamp="2020-04-27T05:32:48 PDT" time="4.131" errors="0">
  <testcase name="test" time="0.005" classname="core.PrimeNumberCheckerTest"/>
  <system-out/>
  <testcase name="test" time="0.009" classname="core.PrimeNumberCheckerTest"/>
  <system-out/>
  <testcase name="test" time="0.263" classname="core.PrimeNumberCheckerTest"/>
  <system-out/>
  <testcase name="test" time="0.144" classname="core.PrimeNumberCheckerTest"/>
  <system-out/>
  <testcase name="test" time="0.022" classname="core.PrimeNumberCheckerTest"/>
  <system-out/>
  <testcase name="test" time="0.022" classname="core.PrimeNumberCheckerTest"/>
  <system-out/>
  <testcase name="test" time="0.016" classname="core.PrimeNumberCheckerTest"/>
  <system-out/>
  <testcase name="test" time="0.007" classname="core.PrimeNumberCheckerTest"/>
  <system-out/>
  <testcase name="test" time="0.025" classname="core.PrimeNumberCheckerTest"/>
  <system-out/>
  <testcase name="test" time="0.054" classname="core.PrimeNumberCheckerTest"/>
  <system-out/>
  <testcase name="test" time="0.018" classname="core.PrimeNumberCheckerTest"/>
  <system-out/>
  <testcase name="test" time="0.041" classname="core.PrimeNumberCheckerTest"/>
  <system-out/>
  <testcase name="test" time="0.034" classname="core.PrimeNumberCheckerTest"/>
  <system-out/>
  <testcase name="test" time="0.178" classname="core.PrimeNumberCheckerTest"/>
  <system-out/>
  <testcase name="test" time="0.006" classname="core.PrimeNumberCheckerTest"/>
  <system-out/>
  <testcase name="test" time="0.023" classname="core.PrimeNumberCheckerTest"/>
  <system-out/>
  <testcase name="test" time="0.023" classname="core.PrimeNumberCheckerTest"/>
  <system-out/>
  <testcase name="test" time="0.024" classname="core.PrimeNumberCheckerTest"/>
  <system-out/>
  <testcase name="test" time="0.031" classname="core.PrimeNumberCheckerTest"/>
  <system-out/>
  <testcase name="test" time="0.025" classname="core.PrimeNumberCheckerTest"/>
  <system-out/>
  <testcase name="test" time="0.028" classname="core.PrimeNumberCheckerTest"/>
  <system-out/>
  <testcase name="test" time="0.026" classname="core.PrimeNumberCheckerTest"/>
  <system-out/>
  <testcase name="test" time="0.074" classname="core.PrimeNumberCheckerTest"/>
  <system-out/>
  <testcase name="test" time="0.094" classname="core.PrimeNumberCheckerTest"/>
  <system-out/>
  <testcase name="test" time="0.030" classname="core.PrimeNumberCheckerTest"/>
  <system-out/>
  <testcase name="test" time="0.024" classname="core.PrimeNumberCheckerTest"/>
  <system-out/>
  <testcase name="test" time="0.021" classname="core.PrimeNumberCheckerTest"/>
  <system-out/>
  <testcase name="test" time="0.048" classname="core.PrimeNumberCheckerTest"/>
  <system-out/>
  <testcase name="test" time="0.037" classname="core.PrimeNumberCheckerTest"/>
  <system-out/>
  <testcase name="test" time="0.009" classname="core.PrimeNumberCheckerTest"/>
  <system-out/>
  <testcase name="test" time="0.763" classname="core.PrimeNumberCheckerTest"/>
  <system-out/>
  <testcase name="test" time="0.023" classname="core.PrimeNumberCheckerTest"/>
  <system-out/>
  <testcase name="test" time="0.011" classname="core.PrimeNumberCheckerTest"/>
  <system-out/>
  <testcase name="test" time="0.008" classname="core.PrimeNumberCheckerTest"/>
  <system-out/>
  <testcase name="test" time="0.011" classname="core.PrimeNumberCheckerTest"/>
  <system-out/>
  <testcase name="test" time="0.148" classname="core.PrimeNumberCheckerTest"/>
  <system-out/>
  <testcase name="test" time="0.006" classname="core.PrimeNumberCheckerTest"/>
  <system-out/>
  <testcase name="test" time="0.023" classname="core.PrimeNumberCheckerTest"/>
  <system-out/>
  <testcase name="test" time="0.011" classname="core.PrimeNumberCheckerTest"/>
  <system-out/>
  <testcase name="test" time="0.006" classname="core.PrimeNumberCheckerTest"/>
  <system-out/>
  <testcase name="test" time="0.044" classname="core.PrimeNumberCheckerTest"/>
  <system-out/>
  <testcase name="test" time="0.025" classname="core.PrimeNumberCheckerTest"/>
  <system-out/>
  <testcase name="test" time="0.028" classname="core.PrimeNumberCheckerTest"/>
  <system-out/>
  <testcase name="test" time="0.023" classname="core.PrimeNumberCheckerTest"/>
  <system-out/>
  <testcase name="test" time="0.025" classname="core.PrimeNumberCheckerTest"/>
  <system-out/>
  <testcase name="test" time="0.006" classname="core.PrimeNumberCheckerTest"/>
  <system-out/>
  <testcase name="test" time="0.027" classname="core.PrimeNumberCheckerTest"/>
  <system-out/>
  <testcase name="test" time="0.020" classname="core.PrimeNumberCheckerTest"/>
  <system-out/>
  <testcase name="test" time="0.009" classname="core.PrimeNumberCheckerTest"/>
  <system-out/>
  <testcase name="test" time="0.022" classname="core.PrimeNumberCheckerTest"/>
  <system-out/>
  <testcase name="test" time="0.018" classname="core.PrimeNumberCheckerTest"/>
  <system-out/>
  <testcase name="test" time="0.022" classname="core.PrimeNumberCheckerTest"/>
  <system-out/>
  <testcase name="test" time="0.100" classname="core.PrimeNumberCheckerTest"/>
  <system-out/>
  <testcase name="test" time="0.018" classname="core.PrimeNumberCheckerTest"/>
  <system-out/>
  <testcase name="test" time="0.021" classname="core.PrimeNumberCheckerTest"/>
  <system-out/>
  <testcase name="test" time="0.031" classname="core.PrimeNumberCheckerTest"/>
  <system-out/>
  <testcase name="test" time="0.023" classname="core.PrimeNumberCheckerTest"/>
  <system-out/>
  <testcase name="test" time="0.014" classname="core.PrimeNumberCheckerTest"/>
  <system-out/>
  <testcase name="test" time="0.015" classname="core.PrimeNumberCheckerTest"/>
  <system-out/>
  <testcase name="test" time="0.009" classname="core.PrimeNumberCheckerTest"/>
  <system-out/>
  <testcase name="test" time="0.024" classname="core.PrimeNumberCheckerTest"/>
  <system-out/>
  <testcase name="test" time="0.120" classname="core.PrimeNumberCheckerTest"/>
  <system-out/>
  <testcase name="test" time="0.022" classname="core.PrimeNumberCheckerTest"/>
  <system-out/>
  <testcase name="test" time="0.022" classname="core.PrimeNumberCheckerTest"/>
  <system-out/>
  <testcase name="test" time="0.021" classname="core.PrimeNumberCheckerTest"/>
  <system-out/>
  <testcase name="test" time="0.025" classname="core.PrimeNumberCheckerTest"/>
  <system-out/>
  <testcase name="test" time="0.024" classname="core.PrimeNumberCheckerTest"/>
  <system-out/>
  <testcase name="test" time="0.024" classname="core.PrimeNumberCheckerTest"/>
  <system-out/>
  <testcase name="test" time="0.019" classname="core.PrimeNumberCheckerTest"/>
  <system-out/>
  <testcase name="test" time="0.022" classname="core.PrimeNumberCheckerTest"/>
  <system-out/>
  <testcase name="test" time="0.059" classname="core.PrimeNumberCheckerTest"/>
  <system-out/>
  <testcase name="test" time="0.050" classname="core.PrimeNumberCheckerTest"/>
  <system-out/>
  <testcase name="test" time="0.025" classname="core.PrimeNumberCheckerTest"/>
  <system-out/>
  <testcase name="test" time="0.105" classname="core.PrimeNumberCheckerTest"/>
  <system-out/>
  <testcase name="test" time="0.029" classname="core.PrimeNumberCheckerTest"/>
  <system-out/>
  <testcase name="test" time="0.037" classname="core.PrimeNumberCheckerTest"/>
  <system-out/>
  <testcase name="test" time="0.023" classname="core.PrimeNumberCheckerTest"/>
  <system-out/>
  <testcase name="test" time="0.026" classname="core.PrimeNumberCheckerTest"/>
  <system-out/>
  <testcase name="test" time="0.093" classname="core.PrimeNumberCheckerTest"/>
  <system-out/>
  <testcase name="test" time="0.065" classname="core.PrimeNumberCheckerTest"/>
  <system-out/>
  <testcase name="test" time="0.024" classname="core.PrimeNumberCheckerTest"/>
  <system-out/>
  <testcase name="test" time="0.011" classname="core.PrimeNumberCheckerTest"/>
  <system-out/>
  <testcase name="test" time="0.028" classname="core.PrimeNumberCheckerTest"/>
  <system-out/>
  <testcase name="test" time="0.027" classname="core.PrimeNumberCheckerTest"/>
  <system-out/>
  <testcase name="test" time="0.022" classname="core.PrimeNumberCheckerTest"/>
  <system-out/>
  <testcase name="test" time="0.005" classname="core.PrimeNumberCheckerTest"/>
  <system-out/>
  <testcase name="test" time="0.044" classname="core.PrimeNumberCheckerTest"/>
  <system-out/>
  <testcase name="test" time="0.023" classname="core.PrimeNumberCheckerTest"/>
  <system-out/>
  <testcase name="test" time="0.023" classname="core.PrimeNumberCheckerTest"/>
  <system-out/>
  <testcase name="test" time="0.056" classname="core.PrimeNumberCheckerTest"/>
  <system-out/>
  <testcase name="test" time="0.019" classname="core.PrimeNumberCheckerTest"/>
  <system-out/>
  <testcase name="test" time="0.012" classname="core.PrimeNumberCheckerTest"/>
  <system-out/>
  <testcase name="test" time="0.022" classname="core.PrimeNumberCheckerTest"/>
  <system-out/>
  <testcase name="test" time="0.007" classname="core.PrimeNumberCheckerTest"/>
  <system-out/>
  <testcase name="test" time="0.029" classname="core.PrimeNumberCheckerTest"/>
  <system-out/>
  <testcase name="test" time="0.007" classname="core.PrimeNumberCheckerTest"/>
  <system-out/>
  <testcase name="test" time="0.036" classname="core.PrimeNumberCheckerTest"/>
  <system-out/>
  <testcase name="test" time="0.006" classname="core.PrimeNumberCheckerTest"/>
  <system-out/>
  <testcase name="test" time="0.024" classname="core.PrimeNumberCheckerTest"/>
  <system-out/>
</testsuite> <!-- core.PrimeNumberCheckerTest -->
