<?xml version="1.0" encoding="UTF-8"?>
<!-- Generated by org.testng.reporters.JUnitReportReporter -->
<testsuite skipped="0" hostname="Alenas-MacBook.local" name="core.PrimeNumberCheckerTest" tests="10" failures="0" timestamp="2020-04-27T05:38:14 PDT" time="0.401" errors="0">
  <testcase name="test" time="0.044" classname="core.PrimeNumberCheckerTest"/>
  <system-out/>
  <testcase name="test" time="0.276" classname="core.PrimeNumberCheckerTest"/>
  <system-out/>
  <testcase name="test" time="0.004" classname="core.PrimeNumberCheckerTest"/>
  <system-out/>
  <testcase name="test" time="0.005" classname="core.PrimeNumberCheckerTest"/>
  <system-out/>
  <testcase name="test" time="0.004" classname="core.PrimeNumberCheckerTest"/>
  <system-out/>
  <testcase name="test" time="0.024" classname="core.PrimeNumberCheckerTest"/>
  <system-out/>
  <testcase name="test" time="0.018" classname="core.PrimeNumberCheckerTest"/>
  <system-out/>
  <testcase name="test" time="0.012" classname="core.PrimeNumberCheckerTest"/>
  <system-out/>
  <testcase name="test" time="0.010" classname="core.PrimeNumberCheckerTest"/>
  <system-out/>
  <testcase name="test" time="0.004" classname="core.PrimeNumberCheckerTest"/>
  <system-out/>
</testsuite> <!-- core.PrimeNumberCheckerTest -->
